#
# A fatal error has been detected by the Java Runtime Environment:
#
#  Internal Error (constantTag.cpp:59), pid=68592, tid=0x0000000000002c03
#  Error: ShouldNotReachHere()
#
# JRE version: Java(TM) SE Runtime Environment (8.0_201-b09) (build 1.8.0_201-b09)
# Java VM: Java HotSpot(TM) 64-Bit Server VM (25.201-b09 mixed mode bsd-amd64 compressed oops)
# Failed to write core dump. Core dumps have been disabled. To enable core dumping, try "ulimit -c unlimited" before starting Java again
#
# If you would like to submit a bug report, please visit:
#   http://bugreport.java.com/bugreport/crash.jsp
#

---------------  T H R E A D  ---------------

Current thread (0x00007fcac4821800):  VMThread [stack: 0x0000700008af5000,0x0000700008bf5000] [id=11267]

Stack: [0x0000700008af5000,0x0000700008bf5000],  sp=0x0000700008bf4260,  free space=1020k
Native frames: (J=compiled Java code, j=interpreted, Vv=VM code, C=native code)
V  [libjvm.dylib+0x5b6a2e]  VMError::report_and_die()+0x3f8
V  [libjvm.dylib+0x1e9b21]  report_vm_error(char const*, int, char const*, char const*)+0x54
V  [libjvm.dylib+0x1e770b]  constantTag::basic_type() const+0x4f
V  [libjvm.dylib+0xdd29b]  Bytecode_loadconstant::result_type() const+0x37
V  [libjvm.dylib+0x289c0c]  GenerateOopMap::do_ldc(int)+0xc0
V  [libjvm.dylib+0x28b4e4]  GenerateOopMap::interp_bb(BasicBlock*)+0x104
V  [libjvm.dylib+0x28b733]  GenerateOopMap::interp_all()+0x31
V  [libjvm.dylib+0x28bcca]  GenerateOopMap::do_interpretation()+0x44
V  [libjvm.dylib+0x28c0e3]  GenerateOopMap::compute_map(Thread*)+0x1fb
V  [libjvm.dylib+0x486331]  OopMapForCacheEntry::compute_map(Thread*)+0x8f
V  [libjvm.dylib+0x48653a]  OopMapCacheEntry::fill(methodHandle, int)+0x19e
V  [libjvm.dylib+0x48671b]  OopMapCache::compute_one_oop_map(methodHandle, int, InterpreterOopMap*)+0x16b
V  [libjvm.dylib+0x4869d2]  OopMapCache::lookup(methodHandle, int, InterpreterOopMap*) const+0x25c
V  [libjvm.dylib+0x2c3a00]  InstanceKlass::mask_for(methodHandle, int, InterpreterOopMap*)+0xd2
V  [libjvm.dylib+0x45405d]  Method::mask_for(int, InterpreterOopMap*)+0xb3
V  [libjvm.dylib+0x39bf6f]  VM_GetOrSetLocal::doit()+0x47
V  [libjvm.dylib+0x5be6ad]  VM_Operation::evaluate()+0x4f
V  [libjvm.dylib+0x5bcc45]  VMThread::evaluate_operation(VM_Operation*)+0xdf
V  [libjvm.dylib+0x5bd092]  VMThread::loop()+0x328
V  [libjvm.dylib+0x5bc9b1]  VMThread::run()+0x79
V  [libjvm.dylib+0x48f3ca]  java_start(Thread*)+0xf6
C  [libsystem_pthread.dylib+0x5e65]  _pthread_start+0x94
C  [libsystem_pthread.dylib+0x183b]  thread_start+0xf

VM_Operation (0x0000700009106a18): GetOrSetLocal, mode: safepoint, requested by thread 0x00007fcac5802000


---------------  P R O C E S S  ---------------

Java Threads: ( => current thread )
  0x00007fcac4b43800 JavaThread "JMX server connection timeout 57" daemon [_thread_blocked, id=19467, stack(0x0000700009f34000,0x000070000a034000)]
  0x00007fcac5a37800 JavaThread "RMI TCP Connection(31)-127.0.0.1" daemon [_thread_in_native, id=29707, stack(0x0000700009c2b000,0x0000700009d2b000)]
  0x00007fcac48e8800 JavaThread "DestroyJavaVM" [_thread_blocked, id=3587, stack(0x00007000085e6000,0x00007000086e6000)]
  0x00007fcac53a0000 JavaThread "HikariPool-1 housekeeper" daemon [_thread_blocked, id=27651, stack(0x000070000b16a000,0x000070000b26a000)]
  0x00007fcac485b000 JavaThread "http-nio-8080-Acceptor" daemon [_thread_in_native, id=37891, stack(0x000070000b067000,0x000070000b167000)]
  0x00007fcac4304000 JavaThread "http-nio-8080-ClientPoller" daemon [_thread_in_native, id=38147, stack(0x000070000af64000,0x000070000b064000)]
  0x00007fcac486e800 JavaThread "http-nio-8080-exec-10" daemon [_thread_blocked, id=38659, stack(0x000070000ae61000,0x000070000af61000)]
  0x00007fcac50a1000 JavaThread "http-nio-8080-exec-9" daemon [_thread_blocked, id=26883, stack(0x000070000ad5e000,0x000070000ae5e000)]
  0x00007fcac50a0800 JavaThread "http-nio-8080-exec-8" daemon [_thread_blocked, id=26627, stack(0x000070000ac5b000,0x000070000ad5b000)]
  0x00007fcac486e000 JavaThread "http-nio-8080-exec-7" daemon [_thread_blocked, id=26115, stack(0x000070000ab58000,0x000070000ac58000)]
  0x00007fcac5093800 JavaThread "http-nio-8080-exec-6" daemon [_thread_blocked, id=39427, stack(0x000070000aa55000,0x000070000ab55000)]
  0x00007fcac486d000 JavaThread "http-nio-8080-exec-5" daemon [_thread_blocked, id=25347, stack(0x000070000a952000,0x000070000aa52000)]
  0x00007fcac486a000 JavaThread "http-nio-8080-exec-4" daemon [_thread_blocked, id=39683, stack(0x000070000a84f000,0x000070000a94f000)]
  0x00007fcac5092800 JavaThread "http-nio-8080-exec-3" daemon [_thread_blocked, id=24579, stack(0x000070000a74c000,0x000070000a84c000)]
  0x00007fcac5086000 JavaThread "http-nio-8080-exec-2" daemon [_thread_blocked, id=39939, stack(0x000070000a649000,0x000070000a749000)]
  0x00007fcac485a000 JavaThread "http-nio-8080-exec-1" daemon [_thread_blocked, id=40451, stack(0x000070000a546000,0x000070000a646000)]
  0x00007fcac508d000 JavaThread "http-nio-8080-BlockPoller" daemon [_thread_in_native, id=20231, stack(0x000070000a443000,0x000070000a543000)]
  0x00007fcac5a15800 JavaThread "mysql-cj-abandoned-connection-cleanup" daemon [_thread_blocked, id=24067, stack(0x000070000a340000,0x000070000a440000)]
  0x00007fcac4d50800 JavaThread "container-0" [_thread_blocked, id=41219, stack(0x000070000a23d000,0x000070000a33d000)]
  0x00007fcac5307000 JavaThread "Catalina-utility-2" [_thread_blocked, id=23303, stack(0x000070000a13a000,0x000070000a23a000)]
  0x00007fcac46b1800 JavaThread "Catalina-utility-1" [_thread_blocked, id=23047, stack(0x000070000a037000,0x000070000a137000)]
  0x00007fcac443c000 JavaThread "RMI Scheduler(0)" daemon [_thread_blocked, id=43011, stack(0x0000700009d2e000,0x0000700009e2e000)]
  0x00007fcac494f800 JavaThread "Attach Listener" daemon [_thread_blocked, id=43267, stack(0x0000700009b28000,0x0000700009c28000)]
  0x00007fcac4381800 JavaThread "RMI TCP Accept-0" daemon [_thread_in_native, id=16899, stack(0x0000700009922000,0x0000700009a22000)]
  0x00007fcac4370000 JavaThread "RMI TCP Accept-58479" daemon [_thread_in_native, id=16387, stack(0x000070000981f000,0x000070000991f000)]
  0x00007fcac4927000 JavaThread "RMI TCP Accept-0" daemon [_thread_in_native, id=15875, stack(0x000070000971c000,0x000070000981c000)]
  0x00007fcac5126800 JavaThread "Service Thread" daemon [_thread_blocked, id=15619, stack(0x0000700009619000,0x0000700009719000)]
  0x00007fcac5874000 JavaThread "C1 CompilerThread2" daemon [_thread_blocked, id=15363, stack(0x0000700009516000,0x0000700009616000)]
  0x00007fcac48d6000 JavaThread "C2 CompilerThread1" daemon [_thread_blocked, id=15107, stack(0x0000700009413000,0x0000700009513000)]
  0x00007fcac41bb800 JavaThread "C2 CompilerThread0" daemon [_thread_blocked, id=18179, stack(0x0000700009310000,0x0000700009410000)]
  0x00007fcac483c000 JavaThread "JDWP Command Reader" daemon [_thread_in_native, id=14595, stack(0x000070000920d000,0x000070000930d000)]
  0x00007fcac5802800 JavaThread "JDWP Event Helper Thread" daemon [_thread_blocked, id=14083, stack(0x000070000910a000,0x000070000920a000)]
  0x00007fcac5802000 JavaThread "JDWP Transport Listener: dt_socket" daemon [_thread_blocked, id=18951, stack(0x0000700009007000,0x0000700009107000)]
  0x00007fcac5008000 JavaThread "Signal Dispatcher" daemon [_thread_blocked, id=13571, stack(0x0000700008f04000,0x0000700009004000)]
  0x00007fcac5004000 JavaThread "Finalizer" daemon [_thread_blocked, id=12035, stack(0x0000700008cfb000,0x0000700008dfb000)]
  0x00007fcac4826800 JavaThread "Reference Handler" daemon [_thread_blocked, id=21507, stack(0x0000700008bf8000,0x0000700008cf8000)]

Other Threads:
=>0x00007fcac4821800 VMThread [stack: 0x0000700008af5000,0x0000700008bf5000] [id=11267]
  0x00007fcac4946000 WatcherThread [stack: 0x0000700009a25000,0x0000700009b25000] [id=21763]

VM state:at safepoint (normal execution)

VM Mutex/Monitor currently owned by a thread:  ([mutex/lock_event])
[0x00007fcac3c0bab0] Threads_lock - owner thread: 0x00007fcac4821800

heap address: 0x0000000740000000, size: 2048 MB, Compressed Oops mode: Zero based, Oop shift amount: 3
Narrow klass base: 0x0000000000000000, Narrow klass shift: 3
Compressed class space size: 1073741824 Address: 0x00000007c0000000

Heap:
 PSYoungGen      total 190976K, used 127074K [0x0000000795580000, 0x00000007a5b80000, 0x00000007c0000000)
  eden space 178176K, 64% used [0x0000000795580000,0x000000079c51b6b0,0x00000007a0380000)
  from space 12800K, 99% used [0x00000007a0380000,0x00000007a0ffd418,0x00000007a1000000)
  to   space 15360K, 0% used [0x00000007a4c80000,0x00000007a4c80000,0x00000007a5b80000)
 ParOldGen       total 85504K, used 19872K [0x0000000740000000, 0x0000000745380000, 0x0000000795580000)
  object space 85504K, 23% used [0x0000000740000000,0x00000007413681c8,0x0000000745380000)
 Metaspace       used 47623K, capacity 49838K, committed 50048K, reserved 1093632K
  class space    used 6266K, capacity 6686K, committed 6784K, reserved 1048576K

Card table byte_map: [0x0000000109e8e000,0x000000010a28f000] byte_map_base: 0x000000010648e000

Marking Bits: (ParMarkBitMap*) 0x00000001092fbe40
 Begin Bits: [0x000000010a53a000, 0x000000010c53a000)
 End Bits:   [0x000000010c53a000, 0x000000010e53a000)

Polling page: 0x00000001081e2000

CodeCache: size=245760Kb used=10664Kb max_used=10664Kb free=235095Kb
 bounds [0x000000010ec5a000, 0x000000010f6ca000, 0x000000011dc5a000]
 total_blobs=5504 nmethods=4975 adapters=448
 compilation: enabled

Compilation events (10 events):
Event: 1047.906 Thread 0x00007fcac5874000 5059       1       sun.reflect.AccessorGenerator::isPrimitive (20 bytes)
Event: 1047.906 Thread 0x00007fcac5874000 nmethod 5059 0x000000010f6c5490 code [0x000000010f6c5600, 0x000000010f6c5768]
Event: 1087.484 Thread 0x00007fcac5874000 5060       1       org.apache.catalina.core.StandardContext::getThreadBindingListener (5 bytes)
Event: 1087.485 Thread 0x00007fcac5874000 nmethod 5060 0x000000010f6c5810 code [0x000000010f6c5960, 0x000000010f6c5a70]
Event: 1107.921 Thread 0x00007fcac5874000 5061   !   1       java.net.AbstractPlainSocketImpl::isClosedOrPending (34 bytes)
Event: 1107.921 Thread 0x00007fcac5874000 nmethod 5061 0x000000010f6c5ad0 code [0x000000010f6c5c40, 0x000000010f6c5f50]
Event: 1197.518 Thread 0x00007fcac5874000 5062       1       org.apache.catalina.core.StandardContext::getInstanceManager (5 bytes)
Event: 1197.518 Thread 0x00007fcac5874000 nmethod 5062 0x000000010f6c6010 code [0x000000010f6c6160, 0x000000010f6c6270]
Event: 1217.113 Thread 0x00007fcac5874000 5063       1       java.net.Socket::getImpl (17 bytes)
Event: 1217.114 Thread 0x00007fcac5874000 nmethod 5063 0x000000010f6c62d0 code [0x000000010f6c6440, 0x000000010f6c65a8]

GC Heap History (10 events):
Event: 1.835 GC heap before
{Heap before GC invocations=7 (full 1):
 PSYoungGen      total 71680K, used 66560K [0x0000000795580000, 0x000000079e780000, 0x00000007c0000000)
  eden space 66560K, 100% used [0x0000000795580000,0x0000000799680000,0x0000000799680000)
  from space 5120K, 0% used [0x0000000799680000,0x0000000799680000,0x0000000799b80000)
  to   space 8192K, 0% used [0x000000079df80000,0x000000079df80000,0x000000079e780000)
 ParOldGen       total 52736K, used 6796K [0x0000000740000000, 0x0000000743380000, 0x0000000795580000)
  object space 52736K, 12% used [0x0000000740000000,0x00000007406a32a0,0x0000000743380000)
 Metaspace       used 24090K, capacity 24802K, committed 25088K, reserved 1071104K
  class space    used 3109K, capacity 3289K, committed 3328K, reserved 1048576K
Event: 1.840 GC heap after
Heap after GC invocations=7 (full 1):
 PSYoungGen      total 116736K, used 5630K [0x0000000795580000, 0x000000079e500000, 0x00000007c0000000)
  eden space 111104K, 0% used [0x0000000795580000,0x0000000795580000,0x000000079c200000)
  from space 5632K, 99% used [0x000000079df80000,0x000000079e4ff970,0x000000079e500000)
  to   space 7680K, 0% used [0x000000079d600000,0x000000079d600000,0x000000079dd80000)
 ParOldGen       total 52736K, used 6868K [0x0000000740000000, 0x0000000743380000, 0x0000000795580000)
  object space 52736K, 13% used [0x0000000740000000,0x00000007406b52b0,0x0000000743380000)
 Metaspace       used 24090K, capacity 24802K, committed 25088K, reserved 1071104K
  class space    used 3109K, capacity 3289K, committed 3328K, reserved 1048576K
}
Event: 2.403 GC heap before
{Heap before GC invocations=8 (full 1):
 PSYoungGen      total 116736K, used 116734K [0x0000000795580000, 0x000000079e500000, 0x00000007c0000000)
  eden space 111104K, 100% used [0x0000000795580000,0x000000079c200000,0x000000079c200000)
  from space 5632K, 99% used [0x000000079df80000,0x000000079e4ff970,0x000000079e500000)
  to   space 7680K, 0% used [0x000000079d600000,0x000000079d600000,0x000000079dd80000)
 ParOldGen       total 52736K, used 6868K [0x0000000740000000, 0x0000000743380000, 0x0000000795580000)
  object space 52736K, 13% used [0x0000000740000000,0x00000007406b52b0,0x0000000743380000)
 Metaspace       used 28329K, capacity 29294K, committed 29312K, reserved 1075200K
  class space    used 3733K, capacity 3961K, committed 3968K, reserved 1048576K
Event: 2.412 GC heap after
Heap after GC invocations=8 (full 1):
 PSYoungGen      total 139264K, used 7671K [0x0000000795580000, 0x00000007a1980000, 0x00000007c0000000)
  eden space 131584K, 0% used [0x0000000795580000,0x0000000795580000,0x000000079d600000)
  from space 7680K, 99% used [0x000000079d600000,0x000000079dd7dd88,0x000000079dd80000)
  to   space 9728K, 0% used [0x00000007a1000000,0x00000007a1000000,0x00000007a1980000)
 ParOldGen       total 52736K, used 9588K [0x0000000740000000, 0x0000000743380000, 0x0000000795580000)
  object space 52736K, 18% used [0x0000000740000000,0x000000074095d388,0x0000000743380000)
 Metaspace       used 28329K, capacity 29294K, committed 29312K, reserved 1075200K
  class space    used 3733K, capacity 3961K, committed 3968K, reserved 1048576K
}
Event: 6.662 GC heap before
{Heap before GC invocations=9 (full 1):
 PSYoungGen      total 139264K, used 122070K [0x0000000795580000, 0x00000007a1980000, 0x00000007c0000000)
  eden space 131584K, 86% used [0x0000000795580000,0x000000079c537e00,0x000000079d600000)
  from space 7680K, 99% used [0x000000079d600000,0x000000079dd7dd88,0x000000079dd80000)
  to   space 9728K, 0% used [0x00000007a1000000,0x00000007a1000000,0x00000007a1980000)
 ParOldGen       total 52736K, used 9588K [0x0000000740000000, 0x0000000743380000, 0x0000000795580000)
  object space 52736K, 18% used [0x0000000740000000,0x000000074095d388,0x0000000743380000)
 Metaspace       used 33771K, capacity 35338K, committed 35416K, reserved 1079296K
  class space    used 4490K, capacity 4821K, committed 4864K, reserved 1048576K
Event: 6.688 GC heap after
Heap after GC invocations=9 (full 1):
 PSYoungGen      total 187904K, used 9716K [0x0000000795580000, 0x00000007a3900000, 0x00000007c0000000)
  eden space 178176K, 0% used [0x0000000795580000,0x0000000795580000,0x00000007a0380000)
  from space 9728K, 99% used [0x00000007a1000000,0x00000007a197d050,0x00000007a1980000)
  to   space 12800K, 0% used [0x00000007a0380000,0x00000007a0380000,0x00000007a1000000)
 ParOldGen       total 52736K, used 13924K [0x0000000740000000, 0x0000000743380000, 0x0000000795580000)
  object space 52736K, 26% used [0x0000000740000000,0x0000000740d993b0,0x0000000743380000)
 Metaspace       used 33771K, capacity 35338K, committed 35416K, reserved 1079296K
  class space    used 4490K, capacity 4821K, committed 4864K, reserved 1048576K
}
Event: 6.688 GC heap before
{Heap before GC invocations=10 (full 2):
 PSYoungGen      total 187904K, used 9716K [0x0000000795580000, 0x00000007a3900000, 0x00000007c0000000)
  eden space 178176K, 0% used [0x0000000795580000,0x0000000795580000,0x00000007a0380000)
  from space 9728K, 99% used [0x00000007a1000000,0x00000007a197d050,0x00000007a1980000)
  to   space 12800K, 0% used [0x00000007a0380000,0x00000007a0380000,0x00000007a1000000)
 ParOldGen       total 52736K, used 13924K [0x0000000740000000, 0x0000000743380000, 0x0000000795580000)
  object space 52736K, 26% used [0x0000000740000000,0x0000000740d993b0,0x0000000743380000)
 Metaspace       used 33771K, capacity 35338K, committed 35416K, reserved 1079296K
  class space    used 4490K, capacity 4821K, committed 4864K, reserved 1048576K
Event: 6.780 GC heap after
Heap after GC invocations=10 (full 2):
 PSYoungGen      total 187904K, used 0K [0x0000000795580000, 0x00000007a3900000, 0x00000007c0000000)
  eden space 178176K, 0% used [0x0000000795580000,0x0000000795580000,0x00000007a0380000)
  from space 9728K, 0% used [0x00000007a1000000,0x00000007a1000000,0x00000007a1980000)
  to   space 12800K, 0% used [0x00000007a0380000,0x00000007a0380000,0x00000007a1000000)
 ParOldGen       total 85504K, used 18539K [0x0000000740000000, 0x0000000745380000, 0x0000000795580000)
  object space 85504K, 21% used [0x0000000740000000,0x000000074121add8,0x0000000745380000)
 Metaspace       used 33771K, capacity 35338K, committed 35416K, reserved 1079296K
  class space    used 4490K, capacity 4821K, committed 4864K, reserved 1048576K
}
Event: 8.086 GC heap before
{Heap before GC invocations=11 (full 2):
 PSYoungGen      total 187904K, used 178151K [0x0000000795580000, 0x00000007a3900000, 0x00000007c0000000)
  eden space 178176K, 99% used [0x0000000795580000,0x00000007a0379c78,0x00000007a0380000)
  from space 9728K, 0% used [0x00000007a1000000,0x00000007a1000000,0x00000007a1980000)
  to   space 12800K, 0% used [0x00000007a0380000,0x00000007a0380000,0x00000007a1000000)
 ParOldGen       total 85504K, used 18539K [0x0000000740000000, 0x0000000745380000, 0x0000000795580000)
  object space 85504K, 21% used [0x0000000740000000,0x000000074121add8,0x0000000745380000)
 Metaspace       used 41822K, capacity 43946K, committed 44160K, reserved 1087488K
  class space    used 5523K, capacity 5950K, committed 6016K, reserved 1048576K
Event: 8.108 GC heap after
Heap after GC invocations=11 (full 2):
 PSYoungGen      total 190976K, used 12789K [0x0000000795580000, 0x00000007a5b80000, 0x00000007c0000000)
  eden space 178176K, 0% used [0x0000000795580000,0x0000000795580000,0x00000007a0380000)
  from space 12800K, 99% used [0x00000007a0380000,0x00000007a0ffd418,0x00000007a1000000)
  to   space 15360K, 0% used [0x00000007a4c80000,0x00000007a4c80000,0x00000007a5b80000)
 ParOldGen       total 85504K, used 19872K [0x0000000740000000, 0x0000000745380000, 0x0000000795580000)
  object space 85504K, 23% used [0x0000000740000000,0x00000007413681c8,0x0000000745380000)
 Metaspace       used 41822K, capacity 43946K, committed 44160K, reserved 1087488K
  class space    used 5523K, capacity 5950K, committed 6016K, reserved 1048576K
}

Deoptimization events (0 events):
No events

Classes redefined (2 events):
Event: 1153.999 Thread 0x00007fcac4821800 redefined class name=com.example.demo.application.MemberApplicationServiceImpl, count=1
Event: 1218.242 Thread 0x00007fcac4821800 redefined class name=com.example.demo.application.MemberApplicationServiceImpl, count=2

Internal exceptions (10 events):
Event: 12.794 Thread 0x00007fcac485a000 Exception <a 'java/lang/ClassNotFoundException': com/example/demo/domain/model/LoginModelCustomizer> (0x0000000799908840) thrown at [/Users/java_re/workspace/8-2-build-macosx-x86_64/jdk8u201/12322/hotspot/src/share/vm/classfile/systemDictionary.cpp, line 
Event: 28.072 Thread 0x00007fcac5093800 Exception <a 'java/lang/ClassNotFoundException': java/lang/ObjectCustomizer> (0x000000079b0961f8) thrown at [/Users/java_re/workspace/8-2-build-macosx-x86_64/jdk8u201/12322/hotspot/src/share/vm/classfile/systemDictionary.cpp, line 210]
Event: 28.073 Thread 0x00007fcac5093800 Exception <a 'java/lang/ClassNotFoundException': com/example/demo/domain/model/UpdatePasswordModelCustomizer> (0x000000079b0b2668) thrown at [/Users/java_re/workspace/8-2-build-macosx-x86_64/jdk8u201/12322/hotspot/src/share/vm/classfile/systemDictionary.c
Event: 28.118 Thread 0x00007fcac486e000 Exception <a 'java/lang/ArrayIndexOutOfBoundsException'> (0x000000079b187640) thrown at [/Users/java_re/workspace/8-2-build-macosx-x86_64/jdk8u201/12322/hotspot/src/share/vm/runtime/sharedRuntime.cpp, line 605]
Event: 28.127 Thread 0x00007fcac486e000 Exception <a 'java/lang/ArrayIndexOutOfBoundsException'> (0x000000079b2c2950) thrown at [/Users/java_re/workspace/8-2-build-macosx-x86_64/jdk8u201/12322/hotspot/src/share/vm/runtime/sharedRuntime.cpp, line 605]
Event: 28.128 Thread 0x00007fcac486e000 Exception <a 'java/lang/ArrayIndexOutOfBoundsException'> (0x000000079b2cfc60) thrown at [/Users/java_re/workspace/8-2-build-macosx-x86_64/jdk8u201/12322/hotspot/src/share/vm/runtime/sharedRuntime.cpp, line 605]
Event: 28.163 Thread 0x00007fcac486e000 Exception <a 'java/lang/ArrayIndexOutOfBoundsException'> (0x000000079b5aa6a0) thrown at [/Users/java_re/workspace/8-2-build-macosx-x86_64/jdk8u201/12322/hotspot/src/share/vm/runtime/sharedRuntime.cpp, line 605]
Event: 28.185 Thread 0x00007fcac486e000 Exception <a 'java/lang/ArrayIndexOutOfBoundsException'> (0x000000079b8bdb30) thrown at [/Users/java_re/workspace/8-2-build-macosx-x86_64/jdk8u201/12322/hotspot/src/share/vm/runtime/sharedRuntime.cpp, line 605]
Event: 28.190 Thread 0x00007fcac486e000 Exception <a 'java/lang/ArrayIndexOutOfBoundsException'> (0x000000079b91c3a8) thrown at [/Users/java_re/workspace/8-2-build-macosx-x86_64/jdk8u201/12322/hotspot/src/share/vm/runtime/sharedRuntime.cpp, line 605]
Event: 318.277 Thread 0x00007fcac58b1800 Exception <a 'java/lang/NoSuchMethodError': <clinit>> (0x000000079c1a6e70) thrown at [/Users/java_re/workspace/8-2-build-macosx-x86_64/jdk8u201/12322/hotspot/src/share/vm/prims/jni.cpp, line 1613]

Events (10 events):
Event: 1218.289 Executing VM operation: ChangeBreakpoints done
Event: 1218.289 Executing VM operation: ChangeBreakpoints
Event: 1218.292 Executing VM operation: ChangeBreakpoints done
Event: 1218.292 Executing VM operation: ChangeBreakpoints
Event: 1218.293 Executing VM operation: ChangeBreakpoints done
Event: 1218.344 Executing VM operation: GetOwnedMonitorInfo
Event: 1218.344 Executing VM operation: GetOwnedMonitorInfo done
Event: 1218.345 Executing VM operation: GetCurrentContendedMonitor
Event: 1218.345 Executing VM operation: GetCurrentContendedMonitor done
Event: 1218.362 Executing VM operation: GetOrSetLocal


Dynamic libraries:
0x00007fff368cd000 	/System/Library/Frameworks/Cocoa.framework/Versions/A/Cocoa
0x00007fff43e99000 	/System/Library/Frameworks/Security.framework/Versions/A/Security
0x00007fff35858000 	/System/Library/Frameworks/ApplicationServices.framework/Versions/A/ApplicationServices
0x00007fff6e27e000 	/usr/lib/libz.1.dylib
0x00007fff6bd51000 	/usr/lib/libSystem.B.dylib
0x00007fff6dba2000 	/usr/lib/libobjc.A.dylib
0x00007fff37843000 	/System/Library/Frameworks/CoreFoundation.framework/Versions/A/CoreFoundation
0x00007fff39f08000 	/System/Library/Frameworks/Foundation.framework/Versions/C/Foundation
0x00007fff34a4d000 	/System/Library/Frameworks/AppKit.framework/Versions/C/AppKit
0x00007fff37350000 	/System/Library/Frameworks/CoreData.framework/Versions/A/CoreData
0x00007fff685fc000 	/System/Library/PrivateFrameworks/UIFoundation.framework/Versions/A/UIFoundation
0x00007fff62de7000 	/System/Library/PrivateFrameworks/RemoteViewServices.framework/Versions/A/RemoteViewServices
0x00007fff6b08c000 	/System/Library/PrivateFrameworks/XCTTargetBootstrap.framework/Versions/A/XCTTargetBootstrap
0x00007fff37733000 	/System/Library/Frameworks/CoreDisplay.framework/Versions/A/CoreDisplay
0x00007fff3cc80000 	/System/Library/Frameworks/Metal.framework/Versions/A/Metal
0x00007fff51208000 	/System/Library/PrivateFrameworks/DesktopServicesPriv.framework/Versions/A/DesktopServicesPriv
0x00007fff6ce87000 	/usr/lib/liblangid.dylib
0x00007fff5035f000 	/System/Library/PrivateFrameworks/CoreSVG.framework/Versions/A/CoreSVG
0x00007fff65ba9000 	/System/Library/PrivateFrameworks/SkyLight.framework/Versions/A/SkyLight
0x00007fff37cc5000 	/System/Library/Frameworks/CoreGraphics.framework/Versions/A/CoreGraphics
0x00007fff335ec000 	/System/Library/Frameworks/Accelerate.framework/Versions/A/Accelerate
0x00007fff6e16f000 	/usr/lib/libxml2.2.dylib
0x00007fff5bf26000 	/System/Library/PrivateFrameworks/IconServices.framework/Versions/A/IconServices
0x00007fff3a6ec000 	/System/Library/Frameworks/IOSurface.framework/Versions/A/IOSurface
0x00007fff6b889000 	/usr/lib/libDiagnosticMessagesClient.dylib
0x00007fff51081000 	/System/Library/PrivateFrameworks/DFRFoundation.framework/Versions/A/DFRFoundation
0x00007fff6cc15000 	/usr/lib/libicucore.A.dylib
0x00007fff35b8a000 	/System/Library/Frameworks/AudioToolbox.framework/Versions/A/AudioToolbox
0x00007fff35c6c000 	/System/Library/Frameworks/AudioUnit.framework/Versions/A/AudioUnit
0x00007fff6bf52000 	/usr/lib/libauto.dylib
0x00007fff51102000 	/System/Library/PrivateFrameworks/DataDetectorsCore.framework/Versions/A/DataDetectorsCore
0x00007fff363ed000 	/System/Library/Frameworks/Carbon.framework/Versions/A/Frameworks/HIToolbox.framework/Versions/A/HIToolbox
0x00007fff430cb000 	/System/Library/Frameworks/QuartzCore.framework/Versions/A/QuartzCore
0x00007fff3672c000 	/System/Library/Frameworks/Carbon.framework/Versions/A/Frameworks/SpeechRecognition.framework/Versions/A/SpeechRecognition
0x00007fff50a07000 	/System/Library/PrivateFrameworks/CoreUI.framework/Versions/A/CoreUI
0x00007fff36db6000 	/System/Library/Frameworks/CoreAudio.framework/Versions/A/CoreAudio
0x00007fff39bd0000 	/System/Library/Frameworks/DiskArbitration.framework/Versions/A/DiskArbitration
0x00007fff5df3a000 	/System/Library/PrivateFrameworks/MultitouchSupport.framework/Versions/A/MultitouchSupport
0x00007fff6cadb000 	/usr/lib/libenergytrace.dylib
0x00007fff3a647000 	/System/Library/Frameworks/IOKit.framework/Versions/A/IOKit
0x00007fff38c33000 	/System/Library/Frameworks/CoreServices.framework/Versions/A/CoreServices
0x00007fff60044000 	/System/Library/PrivateFrameworks/PerformanceAnalysis.framework/Versions/A/PerformanceAnalysis
0x00007fff42101000 	/System/Library/Frameworks/OpenGL.framework/Versions/A/OpenGL
0x00007fff368db000 	/System/Library/Frameworks/ColorSync.framework/Versions/A/ColorSync
0x00007fff3834c000 	/System/Library/Frameworks/CoreImage.framework/Versions/A/CoreImage
0x00007fff396a9000 	/System/Library/Frameworks/CoreText.framework/Versions/A/CoreText
0x00007fff3a772000 	/System/Library/Frameworks/ImageIO.framework/Versions/A/ImageIO
0x00007fff6c037000 	/usr/lib/libc++.1.dylib
0x00007fff6c0b3000 	/usr/lib/libcompression.dylib
0x00007fff6bbcb000 	/usr/lib/libMobileGestalt.dylib
0x00007fff676de000 	/System/Library/PrivateFrameworks/TextureIO.framework/Versions/A/TextureIO
0x00007fff6beb8000 	/usr/lib/libate.dylib
0x00007fff5c12f000 	/System/Library/PrivateFrameworks/InternationalSupport.framework/Versions/A/InternationalSupport
0x00007fff6ecf4000 	/usr/lib/system/libcache.dylib
0x00007fff6ecfa000 	/usr/lib/system/libcommonCrypto.dylib
0x00007fff6ed06000 	/usr/lib/system/libcompiler_rt.dylib
0x00007fff6ed0e000 	/usr/lib/system/libcopyfile.dylib
0x00007fff6ed18000 	/usr/lib/system/libcorecrypto.dylib
0x00007fff6eec6000 	/usr/lib/system/libdispatch.dylib
0x00007fff6ef08000 	/usr/lib/system/libdyld.dylib
0x00007fff6ef3e000 	/usr/lib/system/libkeymgr.dylib
0x00007fff6ef4c000 	/usr/lib/system/liblaunch.dylib
0x00007fff6ef4d000 	/usr/lib/system/libmacho.dylib
0x00007fff6ef53000 	/usr/lib/system/libquarantine.dylib
0x00007fff6ef56000 	/usr/lib/system/libremovefile.dylib
0x00007fff6ef58000 	/usr/lib/system/libsystem_asl.dylib
0x00007fff6ef70000 	/usr/lib/system/libsystem_blocks.dylib
0x00007fff6ef71000 	/usr/lib/system/libsystem_c.dylib
0x00007fff6eff9000 	/usr/lib/system/libsystem_configuration.dylib
0x00007fff6effd000 	/usr/lib/system/libsystem_coreservices.dylib
0x00007fff6f001000 	/usr/lib/system/libsystem_darwin.dylib
0x00007fff6f00a000 	/usr/lib/system/libsystem_dnssd.dylib
0x00007fff6f012000 	/usr/lib/system/libsystem_featureflags.dylib
0x00007fff6f014000 	/usr/lib/system/libsystem_info.dylib
0x00007fff6f08f000 	/usr/lib/system/libsystem_m.dylib
0x00007fff6f0d7000 	/usr/lib/system/libsystem_malloc.dylib
0x00007fff6f0ff000 	/usr/lib/system/libsystem_networkextension.dylib
0x00007fff6f10d000 	/usr/lib/system/libsystem_notify.dylib
0x00007fff6f12c000 	/usr/lib/system/libsystem_sandbox.dylib
0x00007fff6f131000 	/usr/lib/system/libsystem_secinit.dylib
0x00007fff6f062000 	/usr/lib/system/libsystem_kernel.dylib
0x00007fff6f117000 	/usr/lib/system/libsystem_platform.dylib
0x00007fff6f121000 	/usr/lib/system/libsystem_pthread.dylib
0x00007fff6f134000 	/usr/lib/system/libsystem_symptoms.dylib
0x00007fff6f13c000 	/usr/lib/system/libsystem_trace.dylib
0x00007fff6f154000 	/usr/lib/system/libunwind.dylib
0x00007fff6f15a000 	/usr/lib/system/libxpc.dylib
0x00007fff6c08b000 	/usr/lib/libc++abi.dylib
0x00007fff6ce89000 	/usr/lib/liblzma.5.dylib
0x00007fff6cb03000 	/usr/lib/libfakelink.dylib
0x00007fff6be45000 	/usr/lib/libarchive.2.dylib
0x00007fff45039000 	/System/Library/Frameworks/SystemConfiguration.framework/Versions/A/SystemConfiguration
0x00007fff6b7ba000 	/usr/lib/libCRFSuite.dylib
0x00007fff35fe2000 	/System/Library/Frameworks/CFNetwork.framework/Versions/A/CFNetwork
0x00007fff6c019000 	/usr/lib/libbsm.0.dylib
0x00007fff6ef3f000 	/usr/lib/system/libkxld.dylib
0x00007fff4ab43000 	/System/Library/PrivateFrameworks/AppleFSCompression.framework/Versions/A/AppleFSCompression
0x00007fff6c39a000 	/usr/lib/libcoretls.dylib
0x00007fff6c3b1000 	/usr/lib/libcoretls_cfhelpers.dylib
0x00007fff6dbe6000 	/usr/lib/libpam.2.dylib
0x00007fff6dd19000 	/usr/lib/libsqlite3.dylib
0x00007fff6e15c000 	/usr/lib/libxar.1.dylib
0x00007fff6c02a000 	/usr/lib/libbz2.1.0.dylib
0x00007fff6cb24000 	/usr/lib/libiconv.2.dylib
0x00007fff6c0a0000 	/usr/lib/libcharset.1.dylib
0x00007fff6d68d000 	/usr/lib/libnetwork.dylib
0x00007fff6dbed000 	/usr/lib/libpcap.A.dylib
0x00007fff6bdfa000 	/usr/lib/libapple_nghttp2.dylib
0x00007fff38fea000 	/System/Library/Frameworks/CoreServices.framework/Versions/A/Frameworks/FSEvents.framework/Versions/A/FSEvents
0x00007fff38cba000 	/System/Library/Frameworks/CoreServices.framework/Versions/A/Frameworks/CarbonCore.framework/Versions/A/CarbonCore
0x00007fff3922d000 	/System/Library/Frameworks/CoreServices.framework/Versions/A/Frameworks/Metadata.framework/Versions/A/Metadata
0x00007fff392c6000 	/System/Library/Frameworks/CoreServices.framework/Versions/A/Frameworks/OSServices.framework/Versions/A/OSServices
0x00007fff392f4000 	/System/Library/Frameworks/CoreServices.framework/Versions/A/Frameworks/SearchKit.framework/Versions/A/SearchKit
0x00007fff38c34000 	/System/Library/Frameworks/CoreServices.framework/Versions/A/Frameworks/AE.framework/Versions/A/AE
0x00007fff38ff3000 	/System/Library/Frameworks/CoreServices.framework/Versions/A/Frameworks/LaunchServices.framework/Versions/A/LaunchServices
0x00007fff38f9c000 	/System/Library/Frameworks/CoreServices.framework/Versions/A/Frameworks/DictionaryServices.framework/Versions/A/DictionaryServices
0x00007fff3935c000 	/System/Library/Frameworks/CoreServices.framework/Versions/A/Frameworks/SharedFileList.framework/Versions/A/SharedFileList
0x00007fff3df55000 	/System/Library/Frameworks/NetFS.framework/Versions/A/NetFS
0x00007fff5e467000 	/System/Library/PrivateFrameworks/NetAuth.framework/Versions/A/NetAuth
0x00007fff6b457000 	/System/Library/PrivateFrameworks/login.framework/Versions/A/Frameworks/loginsupport.framework/Versions/A/loginsupport
0x00007fff671d9000 	/System/Library/PrivateFrameworks/TCC.framework/Versions/A/TCC
0x00007fff4f72e000 	/System/Library/PrivateFrameworks/CoreNLP.framework/Versions/A/CoreNLP
0x00007fff5d96a000 	/System/Library/PrivateFrameworks/MetadataUtilities.framework/Versions/A/MetadataUtilities
0x00007fff6cf61000 	/usr/lib/libmecabra.dylib
0x00007fff6ceb9000 	/usr/lib/libmecab.dylib
0x00007fff6cb14000 	/usr/lib/libgermantok.dylib
0x00007fff6bde1000 	/usr/lib/libThaiTokenizer.dylib
0x00007fff6b7f2000 	/usr/lib/libChineseTokenizer.dylib
0x00007fff33604000 	/System/Library/Frameworks/Accelerate.framework/Versions/A/Frameworks/vImage.framework/Versions/A/vImage
0x00007fff348a7000 	/System/Library/Frameworks/Accelerate.framework/Versions/A/Frameworks/vecLib.framework/Versions/A/vecLib
0x00007fff347eb000 	/System/Library/Frameworks/Accelerate.framework/Versions/A/Frameworks/vecLib.framework/Versions/A/libvMisc.dylib
0x00007fff34611000 	/System/Library/Frameworks/Accelerate.framework/Versions/A/Frameworks/vecLib.framework/Versions/A/libvDSP.dylib
0x00007fff33c70000 	/System/Library/Frameworks/Accelerate.framework/Versions/A/Frameworks/vecLib.framework/Versions/A/libBLAS.dylib
0x00007fff341cb000 	/System/Library/Frameworks/Accelerate.framework/Versions/A/Frameworks/vecLib.framework/Versions/A/libLAPACK.dylib
0x00007fff34571000 	/System/Library/Frameworks/Accelerate.framework/Versions/A/Frameworks/vecLib.framework/Versions/A/libLinearAlgebra.dylib
0x00007fff345fe000 	/System/Library/Frameworks/Accelerate.framework/Versions/A/Frameworks/vecLib.framework/Versions/A/libSparseBLAS.dylib
0x00007fff34587000 	/System/Library/Frameworks/Accelerate.framework/Versions/A/Frameworks/vecLib.framework/Versions/A/libQuadrature.dylib
0x00007fff33eda000 	/System/Library/Frameworks/Accelerate.framework/Versions/A/Frameworks/vecLib.framework/Versions/A/libBNNS.dylib
0x00007fff3458d000 	/System/Library/Frameworks/Accelerate.framework/Versions/A/Frameworks/vecLib.framework/Versions/A/libSparse.dylib
0x00007fff5c4ee000 	/System/Library/PrivateFrameworks/LanguageModeling.framework/Versions/A/LanguageModeling
0x00007fff4f0ca000 	/System/Library/PrivateFrameworks/CoreEmoji.framework/Versions/A/CoreEmoji
0x00007fff5c60c000 	/System/Library/PrivateFrameworks/LinguisticData.framework/Versions/A/LinguisticData
0x00007fff5c5bd000 	/System/Library/PrivateFrameworks/Lexicon.framework/Versions/A/Lexicon
0x00007fff6c0a1000 	/usr/lib/libcmph.dylib
0x00007fff40b27000 	/System/Library/Frameworks/OpenDirectory.framework/Versions/A/Frameworks/CFOpenDirectory.framework/Versions/A/CFOpenDirectory
0x00007fff40b44000 	/System/Library/Frameworks/OpenDirectory.framework/Versions/A/OpenDirectory
0x00007fff48e12000 	/System/Library/PrivateFrameworks/APFS.framework/Versions/A/APFS
0x00007fff441ec000 	/System/Library/Frameworks/SecurityFoundation.framework/Versions/A/SecurityFoundation
0x00007fff6e158000 	/usr/lib/libutil.dylib
0x00007fff503b7000 	/System/Library/PrivateFrameworks/CoreServicesStore.framework/Versions/A/CoreServicesStore
0x00007fff442a4000 	/System/Library/Frameworks/ServiceManagement.framework/Versions/A/ServiceManagement
0x00007fff4c2fa000 	/System/Library/PrivateFrameworks/BackgroundTaskManagement.framework/Versions/A/BackgroundTaskManagement
0x00007fff6e255000 	/usr/lib/libxslt.1.dylib
0x00007fff4b1a8000 	/System/Library/PrivateFrameworks/AppleSystemInfo.framework/Versions/A/AppleSystemInfo
0x00007fff3a98f000 	/System/Library/Frameworks/ImageIO.framework/Versions/A/Resources/libJPEG.dylib
0x00007fff3ac4e000 	/System/Library/Frameworks/ImageIO.framework/Versions/A/Resources/libTIFF.dylib
0x00007fff3ac31000 	/System/Library/Frameworks/ImageIO.framework/Versions/A/Resources/libPng.dylib
0x00007fff3a8d0000 	/System/Library/Frameworks/ImageIO.framework/Versions/A/Resources/libGIF.dylib
0x00007fff3a8d4000 	/System/Library/Frameworks/ImageIO.framework/Versions/A/Resources/libJP2.dylib
0x00007fff3ac4c000 	/System/Library/Frameworks/ImageIO.framework/Versions/A/Resources/libRadiance.dylib
0x00007fff6cadc000 	/usr/lib/libexpat.1.dylib
0x00007fff4ac9e000 	/System/Library/PrivateFrameworks/AppleJPEG.framework/Versions/A/AppleJPEG
0x00007fff53624000 	/System/Library/PrivateFrameworks/FontServices.framework/libFontParser.dylib
0x00007fff6a4ae000 	/System/Library/PrivateFrameworks/WatchdogClient.framework/Versions/A/WatchdogClient
0x00007fff5bb7b000 	/System/Library/PrivateFrameworks/IOAccelerator.framework/Versions/A/IOAccelerator
0x00007fff3d00e000 	/System/Library/Frameworks/MetalPerformanceShaders.framework/Versions/A/MetalPerformanceShaders
0x00007fff58372000 	/System/Library/PrivateFrameworks/GPUWrangler.framework/Versions/A/GPUWrangler
0x00007fff5bb86000 	/System/Library/PrivateFrameworks/IOPresentment.framework/Versions/A/IOPresentment
0x00007fff51094000 	/System/Library/PrivateFrameworks/DSExternalDisplay.framework/Versions/A/DSExternalDisplay
0x00007fff414ad000 	/System/Library/Frameworks/OpenGL.framework/Versions/A/Libraries/libCoreFSCache.dylib
0x00007fff3cd60000 	/System/Library/Frameworks/MetalPerformanceShaders.framework/Frameworks/MPSCore.framework/Versions/A/MPSCore
0x00007fff3cd9d000 	/System/Library/Frameworks/MetalPerformanceShaders.framework/Frameworks/MPSImage.framework/Versions/A/MPSImage
0x00007fff3ce5f000 	/System/Library/Frameworks/MetalPerformanceShaders.framework/Frameworks/MPSNeuralNetwork.framework/Versions/A/MPSNeuralNetwork
0x00007fff3ce24000 	/System/Library/Frameworks/MetalPerformanceShaders.framework/Frameworks/MPSMatrix.framework/Versions/A/MPSMatrix
0x00007fff3cfbf000 	/System/Library/Frameworks/MetalPerformanceShaders.framework/Frameworks/MPSRayIntersector.framework/Versions/A/MPSRayIntersector
0x00007fff3ce49000 	/System/Library/Frameworks/MetalPerformanceShaders.framework/Frameworks/MPSNDArray.framework/Versions/A/MPSNDArray
0x00007fff5d9b7000 	/System/Library/PrivateFrameworks/MetalTools.framework/Versions/A/MetalTools
0x00007fff49fc9000 	/System/Library/PrivateFrameworks/AggregateDictionary.framework/Versions/A/AggregateDictionary
0x00007fff4eb54000 	/System/Library/PrivateFrameworks/CoreAnalytics.framework/Versions/A/CoreAnalytics
0x00007fff4b0c6000 	/System/Library/PrivateFrameworks/AppleSauce.framework/Versions/A/AppleSauce
0x00007fff6baae000 	/usr/lib/libIOReport.dylib
0x00007fff3985e000 	/System/Library/Frameworks/CoreVideo.framework/Versions/A/CoreVideo
0x00007fff597de000 	/System/Library/PrivateFrameworks/GraphVisualizer.framework/Versions/A/GraphVisualizer
0x00007fff52ba5000 	/System/Library/PrivateFrameworks/FaceCore.framework/Versions/A/FaceCore
0x00007fff40ace000 	/System/Library/Frameworks/OpenCL.framework/Versions/A/OpenCL
0x00007fff6b8d0000 	/usr/lib/libFosl_dynamic.dylib
0x00007fff5ee62000 	/System/Library/PrivateFrameworks/OTSVG.framework/Versions/A/OTSVG
0x00007fff3595d000 	/System/Library/Frameworks/ApplicationServices.framework/Versions/A/Frameworks/ATS.framework/Versions/A/Resources/libFontRegistry.dylib
0x00007fff537f5000 	/System/Library/PrivateFrameworks/FontServices.framework/libhvf.dylib
0x00007fff414b8000 	/System/Library/Frameworks/OpenGL.framework/Versions/A/Libraries/libGFXShared.dylib
0x00007fff41695000 	/System/Library/Frameworks/OpenGL.framework/Versions/A/Libraries/libGLU.dylib
0x00007fff414c1000 	/System/Library/Frameworks/OpenGL.framework/Versions/A/Libraries/libGL.dylib
0x00007fff414cc000 	/System/Library/Frameworks/OpenGL.framework/Versions/A/Libraries/libGLImage.dylib
0x00007fff414aa000 	/System/Library/Frameworks/OpenGL.framework/Versions/A/Libraries/libCVMSPluginSupport.dylib
0x00007fff414b3000 	/System/Library/Frameworks/OpenGL.framework/Versions/A/Libraries/libCoreVMClient.dylib
0x00007fff6d52f000 	/usr/lib/libncurses.5.4.dylib
0x00007fff35859000 	/System/Library/Frameworks/ApplicationServices.framework/Versions/A/Frameworks/ATS.framework/Versions/A/ATS
0x00007fff35a26000 	/System/Library/Frameworks/ApplicationServices.framework/Versions/A/Frameworks/ColorSyncLegacy.framework/Versions/A/ColorSyncLegacy
0x00007fff35ac5000 	/System/Library/Frameworks/ApplicationServices.framework/Versions/A/Frameworks/HIServices.framework/Versions/A/HIServices
0x00007fff35b1c000 	/System/Library/Frameworks/ApplicationServices.framework/Versions/A/Frameworks/LangAnalysis.framework/Versions/A/LangAnalysis
0x00007fff35b2b000 	/System/Library/Frameworks/ApplicationServices.framework/Versions/A/Frameworks/PrintCore.framework/Versions/A/PrintCore
0x00007fff35b71000 	/System/Library/Frameworks/ApplicationServices.framework/Versions/A/Frameworks/QD.framework/Versions/A/QD
0x00007fff35b7c000 	/System/Library/Frameworks/ApplicationServices.framework/Versions/A/Frameworks/SpeechSynthesis.framework/Versions/A/SpeechSynthesis
0x00007fff359f6000 	/System/Library/Frameworks/ApplicationServices.framework/Versions/A/Frameworks/ATSUI.framework/Versions/A/ATSUI
0x00007fff6c970000 	/usr/lib/libcups.2.dylib
0x00007fff3c0bd000 	/System/Library/Frameworks/Kerberos.framework/Versions/A/Kerberos
0x00007fff3a33d000 	/System/Library/Frameworks/GSS.framework/Versions/A/GSS
0x00007fff6dca5000 	/usr/lib/libresolv.9.dylib
0x00007fff5997f000 	/System/Library/PrivateFrameworks/Heimdal.framework/Versions/A/Heimdal
0x00007fff3c0d0000 	/System/Library/Frameworks/Kerberos.framework/Versions/A/Libraries/libHeimdalProxy.dylib
0x00007fff6cb1a000 	/usr/lib/libheimdal-asn1.dylib
0x00007fff4dffa000 	/System/Library/PrivateFrameworks/CommonAuth.framework/Versions/A/CommonAuth
0x00007fff4b245000 	/System/Library/PrivateFrameworks/AssertionServices.framework/Versions/A/AssertionServices
0x00007fff4bde8000 	/System/Library/PrivateFrameworks/AudioToolboxCore.framework/Versions/A/AudioToolboxCore
0x00007fff6b108000 	/System/Library/PrivateFrameworks/caulk.framework/Versions/A/caulk
0x00007fff4c3a6000 	/System/Library/PrivateFrameworks/BaseBoard.framework/Versions/A/BaseBoard
0x00007fff62f76000 	/System/Library/PrivateFrameworks/RunningBoardServices.framework/Versions/A/RunningBoardServices
0x00007fff60050000 	/System/Library/PrivateFrameworks/PersistentConnection.framework/Versions/A/PersistentConnection
0x00007fff629c5000 	/System/Library/PrivateFrameworks/ProtocolBuffer.framework/Versions/A/ProtocolBuffer
0x00007fff4e01f000 	/System/Library/PrivateFrameworks/CommonUtilities.framework/Versions/A/CommonUtilities
0x00007fff4c529000 	/System/Library/PrivateFrameworks/Bom.framework/Versions/A/Bom
0x00007fff6b77d000 	/usr/lib/libAudioToolboxUtility.dylib
0x00007fff4c304000 	/System/Library/PrivateFrameworks/Backup.framework/Versions/A/Backup
0x00007fff50e04000 	/System/Library/PrivateFrameworks/CrashReporterSupport.framework/Versions/A/CrashReporterSupport
0x00007fff64a6d000 	/System/Library/PrivateFrameworks/Sharing.framework/Versions/A/Sharing
0x00007fff4a9e9000 	/System/Library/PrivateFrameworks/Apple80211.framework/Versions/A/Apple80211
0x00007fff4c026000 	/System/Library/PrivateFrameworks/AuthKit.framework/Versions/A/AuthKit
0x00007fff50b34000 	/System/Library/PrivateFrameworks/CoreUtils.framework/Versions/A/CoreUtils
0x00007fff398a3000 	/System/Library/Frameworks/CoreWLAN.framework/Versions/A/CoreWLAN
0x00007fff3a4c8000 	/System/Library/Frameworks/IOBluetooth.framework/Versions/A/IOBluetooth
0x00007fff5dcb5000 	/System/Library/PrivateFrameworks/MobileKeyBag.framework/Versions/A/MobileKeyBag
0x00007fff4fc0a000 	/System/Library/PrivateFrameworks/CorePhoneNumbers.framework/Versions/A/CorePhoneNumbers
0x00007fff4ac51000 	/System/Library/PrivateFrameworks/AppleIDAuthSupport.framework/Versions/A/AppleIDAuthSupport
0x00007fff3df62000 	/System/Library/Frameworks/Network.framework/Versions/A/Network
0x00007fff5c376000 	/System/Library/PrivateFrameworks/KeychainCircle.framework/Versions/A/KeychainCircle
0x00007fff37318000 	/System/Library/Frameworks/CoreBluetooth.framework/Versions/A/CoreBluetooth
0x00007fff666e9000 	/System/Library/PrivateFrameworks/SpeechRecognitionCore.framework/Versions/A/SpeechRecognitionCore
0x00007fff2be5b000 	/System/Library/CoreServices/Encodings/libJapaneseConverter.dylib
0x0000000108a00000 	/Library/Java/JavaVirtualMachines/jdk1.8.0_201.jdk/Contents/Home/jre/lib/server/libjvm.dylib
0x00007fff6e02a000 	/usr/lib/libstdc++.6.dylib
0x00000001081d4000 	/Library/Java/JavaVirtualMachines/jdk1.8.0_201.jdk/Contents/Home/jre/lib/libverify.dylib
0x00000001099b9000 	/Library/Java/JavaVirtualMachines/jdk1.8.0_201.jdk/Contents/Home/jre/lib/libjava.dylib
0x00000001099ef000 	/Library/Java/JavaVirtualMachines/jdk1.8.0_201.jdk/Contents/Home/jre/lib/libjdwp.dylib
0x00000001081e3000 	/Library/Java/JavaVirtualMachines/jdk1.8.0_201.jdk/Contents/Home/jre/lib/libnpt.dylib
0x0000000109a3a000 	/Library/Java/JavaVirtualMachines/jdk1.8.0_201.jdk/Contents/Home/jre/lib/libinstrument.dylib
0x00000001081f1000 	/Library/Java/JavaVirtualMachines/jdk1.8.0_201.jdk/Contents/Home/jre/lib/libzip.dylib
0x000000010eb4f000 	/Library/Java/JavaVirtualMachines/jdk1.8.0_201.jdk/Contents/Home/jre/lib/libdt_socket.dylib
0x0000000121385000 	/Library/Java/JavaVirtualMachines/jdk1.8.0_201.jdk/Contents/Home/jre/lib/libmanagement.dylib
0x0000000121393000 	/Library/Java/JavaVirtualMachines/jdk1.8.0_201.jdk/Contents/Home/jre/lib/libnet.dylib
0x00000001213f2000 	/Library/Java/JavaVirtualMachines/jdk1.8.0_201.jdk/Contents/Home/jre/lib/libnio.dylib
0x00000001231f7000 	/Library/Java/JavaVirtualMachines/jdk1.8.0_201.jdk/Contents/Home/jre/lib/libsunec.dylib

VM Arguments:
jvm_args: -agentlib:jdwp=transport=dt_socket,suspend=y,address=localhost:58480 -Dcom.sun.management.jmxremote -Dcom.sun.management.jmxremote.port=58479 -Dcom.sun.management.jmxremote.authenticate=false -Dcom.sun.management.jmxremote.ssl=false -Djava.rmi.server.hostname=localhost -Dspring.jmx.enabled=true -Dspring.application.admin.enabled=true -Djava.security.egd=file:/dev/./urandom -Xverify:none -XX:TieredStopAtLevel=1 -Dspring.boot.project.name=hotel-reserve-app -javaagent:/Applications/SpringToolSuite4.app/Contents/Eclipse/configuration/org.eclipse.osgi/239/0/.cp/lib/javaagent-shaded.jar -Dfile.encoding=UTF-8 
java_command: com.example.demo.HotelReserveAppApplication --spring.output.ansi.enabled=always
java_class_path (initial): /Users/yagiatsuya/Documents/workspace-spring-tool-suite-4-4.7.0.RELEASE/hotel-reserve-app/target/classes:/Users/yagiatsuya/.m2/repository/org/springframework/boot/spring-boot-starter-web/2.1.14.RELEASE/spring-boot-starter-web-2.1.14.RELEASE.jar:/Users/yagiatsuya/.m2/repository/org/springframework/boot/spring-boot-starter/2.1.14.RELEASE/spring-boot-starter-2.1.14.RELEASE.jar:/Users/yagiatsuya/.m2/repository/org/springframework/boot/spring-boot/2.1.14.RELEASE/spring-boot-2.1.14.RELEASE.jar:/Users/yagiatsuya/.m2/repository/org/springframework/boot/spring-boot-autoconfigure/2.1.14.RELEASE/spring-boot-autoconfigure-2.1.14.RELEASE.jar:/Users/yagiatsuya/.m2/repository/org/springframework/boot/spring-boot-starter-logging/2.1.14.RELEASE/spring-boot-starter-logging-2.1.14.RELEASE.jar:/Users/yagiatsuya/.m2/repository/ch/qos/logback/logback-classic/1.2.3/logback-classic-1.2.3.jar:/Users/yagiatsuya/.m2/repository/ch/qos/logback/logback-core/1.2.3/logback-core-1.2.3.jar:/Users/yagiatsuya/.m2/repository/org/apache/logging/log4j/log4j-to-slf4j/2.11.2/log4j-to-slf4j-2.11.2.jar:/Users/yagiatsuya/.m2/repository/org/apache/logging/log4j/log4j-api/2.11.2/log4j-api-2.11.2.jar:/Users/yagiatsuya/.m2/repository/org/slf4j/jul-to-slf4j/1.7.30/jul-to-slf4j-1.7.30.jar:/Users/yagiatsuya/.m2/repository/javax/annotation/javax.annotation-api/1.3.2/javax.annotation-api-1.3.2.jar:/Users/yagiatsuya/.m2/repository/org/yaml/snakeyaml/1.23/snakeyaml-1.23.jar:/Users/yagiatsuya/.m2/repository/org/springframework/boot/spring-boot-starter-json/2.1.14.RELEASE/spring-boot-starter-json-2.1.14.RELEASE.jar:/Users/yagiatsuya/.m2/repository/com/fasterxml/jackson/core/jackson-databind/2.9.10.4/jackson-databind-2.9.10.4.jar:/Users/yagiatsuya/.m2/repository/com/fasterxml/jackson/core/jackson-annotations/2.9.10/jackson-annotations-2.9.10.jar:/Users/yagiatsuya/.m2/repository/com/fasterxml/jackson/core/jackson-core/2.9.10/jackson-core-2.9.10.jar:/Users/yagiatsuya/.m2/repository/com/fasterxml/
Launcher Type: SUN_STANDARD

Environment Variables:
PATH=/usr/bin:/bin:/usr/sbin:/sbin
SHELL=/bin/bash

Signal Handlers:
SIGSEGV: [libjvm.dylib+0x5b723d], sa_mask[0]=11111111011111110111111111111111, sa_flags=SA_ONSTACK|SA_RESTART|SA_SIGINFO
SIGBUS: [libjvm.dylib+0x5b723d], sa_mask[0]=11111111011111110111111111111111, sa_flags=SA_RESTART|SA_SIGINFO
SIGFPE: [libjvm.dylib+0x48c9bc], sa_mask[0]=11111111011111110111111111111111, sa_flags=SA_RESTART|SA_SIGINFO
SIGPIPE: [libjvm.dylib+0x48c9bc], sa_mask[0]=11111111011111110111111111111111, sa_flags=SA_RESTART|SA_SIGINFO
SIGXFSZ: [libjvm.dylib+0x48c9bc], sa_mask[0]=11111111011111110111111111111111, sa_flags=SA_RESTART|SA_SIGINFO
SIGILL: [libjvm.dylib+0x48c9bc], sa_mask[0]=11111111011111110111111111111111, sa_flags=SA_RESTART|SA_SIGINFO
SIGUSR1: SIG_DFL, sa_mask[0]=00000000000000000000000000000000, sa_flags=none
SIGUSR2: [libjvm.dylib+0x48c4da], sa_mask[0]=00100000000000000000000000000000, sa_flags=SA_RESTART|SA_SIGINFO
SIGHUP: [libjvm.dylib+0x48aa65], sa_mask[0]=11111111011111110111111111111111, sa_flags=SA_RESTART|SA_SIGINFO
SIGINT: [libjvm.dylib+0x48aa65], sa_mask[0]=11111111011111110111111111111111, sa_flags=SA_RESTART|SA_SIGINFO
SIGTERM: [libjvm.dylib+0x48aa65], sa_mask[0]=11111111011111110111111111111111, sa_flags=SA_RESTART|SA_SIGINFO
SIGQUIT: [libjvm.dylib+0x48aa65], sa_mask[0]=11111111011111110111111111111111, sa_flags=SA_RESTART|SA_SIGINFO


---------------  S Y S T E M  ---------------

OS:Bsduname:Darwin 19.2.0 Darwin Kernel Version 19.2.0: Sat Nov  9 03:47:04 PST 2019; root:xnu-6153.61.1~20/RELEASE_X86_64 x86_64
rlimit: STACK 8192k, CORE 0k, NPROC 1392, NOFILE 10240, AS infinity
load average:2.28 5.76 7.86

CPU:total 4 (initial active 4) (2 cores per cpu, 2 threads per core) family 6 model 142 stepping 9, cmov, cx8, fxsr, mmx, sse, sse2, sse3, ssse3, sse4.1, sse4.2, popcnt, avx, avx2, aes, clmul, erms, rtm, 3dnowpref, lzcnt, ht, tsc, tscinvbit, bmi1, bmi2, adx

Memory: 4k page, physical 8388608k(89860k free)

/proc/meminfo:


vm_info: Java HotSpot(TM) 64-Bit Server VM (25.201-b09) for bsd-amd64 JRE (1.8.0_201-b09), built on Dec 15 2018 18:35:23 by "java_re" with gcc 4.2.1 (Based on Apple Inc. build 5658) (LLVM build 2336.11.00)

time: Mon Aug  3 11:17:33 2020
timezone: JST
elapsed time: 1218 seconds (0d 0h 20m 18s)

